[2024-02-17 04:23:24,517] [main.py] [INFO]: MuRain Botå¼€å§‹è¿è¡Œ
[2024-02-17 04:23:24,518] [main.py] [INFO]: Code with by Xiaosu & Evan. Copyright (c) 2024 GuppyTEAM. All rights reserved.
[2024-02-17 04:23:24,519] [main.py] [INFO]: æœ¬ä»£ç ç”±æ ¡æº¯ å’Œ XuFuyuç¼–å†™ã€‚ç‰ˆæƒæ‰€æœ‰ ï¼ˆcï¼‰ 2024 Guppyå›¢é˜Ÿã€‚ä¿ç•™æ‰€æœ‰æƒåˆ©ã€‚
[2024-02-17 04:23:24,519] [main.py] [INFO]: MuRainLibç‰ˆæœ¬æ ¡éªŒæˆåŠŸï¼
[2024-02-17 04:23:24,535] [main.py] [INFO]: å¯åŠ¨ç›‘å¬æœåŠ¡å™¨
[2024-02-17 04:23:28,097] [main.py] [WARNING]: ç›‘å¬æœåŠ¡å™¨ç»“æŸè¿è¡Œï¼
[2024-02-17 04:23:28,097] [main.py] [WARNING]: MuRain Botè¿è¡Œç»“æŸï¼
[2024-02-17 04:24:48,049] [test.py] [INFO]: testè¿è¡Œç»“æŸï¼
[2024-02-17 04:25:17,311] [test.py] [INFO]: testè¿è¡Œç»“æŸï¼
[2024-02-17 04:25:27,822] [test.py] [INFO]: testè¿è¡Œç»“æŸï¼
[2024-02-17 04:25:32,844] [test.py] [INFO]: testè¿è¡Œç»“æŸï¼
[2024-02-17 04:25:57,307] [test.py] [INFO]: testè¿è¡Œç»“æŸï¼
[2024-02-17 04:26:23,664] [test.py] [INFO]: testè¿è¡Œç»“æŸï¼
[2024-02-17 04:26:57,030] [test.py] [INFO]: testè¿è¡Œç»“æŸï¼
[2024-02-17 05:11:50,612] [main.py] [WARNING]: æ‚¨å½“å‰æ­£åœ¨ä½¿ç”¨éå¸¸è§„æ‰‹æ®µMuRain Botè¿™å¯èƒ½ä¼šé€ æˆä¸¥é‡çš„é”™è¯¯ï¼
æ³¨æ„ï¼šæˆ‘ä»¬å°†ä¸ä¼šå—ç†åœ¨æ­¤æ¨¡å¼ä¸‹è¿è¡Œçš„æŠ¥é”™
[2024-02-17 05:11:50,613] [main.py] [INFO]: MuRain Botå¼€å§‹è¿è¡Œï¼Œå½“å‰ç‰ˆæœ¬ï¼š2.0.0
[2024-02-17 05:11:50,614] [main.py] [INFO]: Code with by Xiaosu & Evan. Copyright (c) 2024 GuppyTEAM. All rights reserved.
[2024-02-17 05:11:50,614] [main.py] [INFO]: æœ¬ä»£ç ç”±æ ¡æº¯ å’Œ XuFuyuç¼–å†™ã€‚ç‰ˆæƒæ‰€æœ‰ ï¼ˆcï¼‰ 2024 Guppyå›¢é˜Ÿã€‚ä¿ç•™æ‰€æœ‰æƒåˆ©ã€‚
[2024-02-17 05:11:50,614] [main.py] [INFO]: MuRainLibç‰ˆæœ¬æ ¡éªŒæˆåŠŸï¼
[2024-02-17 05:11:50,635] [main.py] [INFO]: å¯åŠ¨ç›‘å¬æœåŠ¡å™¨
[2024-02-17 05:12:52,494] [main.py] [INFO]: MuRain Botå¼€å§‹è¿è¡Œï¼Œå½“å‰ç‰ˆæœ¬ï¼š2.0.0
[2024-02-17 05:12:52,494] [main.py] [INFO]: Code with by Xiaosu & Evan. Copyright (c) 2024 GuppyTEAM. All rights reserved.
[2024-02-17 05:12:52,495] [main.py] [INFO]: æœ¬ä»£ç ç”±æ ¡æº¯ å’Œ XuFuyuç¼–å†™ã€‚ç‰ˆæƒæ‰€æœ‰ ï¼ˆcï¼‰ 2024 Guppyå›¢é˜Ÿã€‚ä¿ç•™æ‰€æœ‰æƒåˆ©ã€‚
[2024-02-17 05:12:52,495] [main.py] [INFO]: MuRainLibç‰ˆæœ¬æ ¡éªŒæˆåŠŸï¼
[2024-02-17 05:12:52,506] [main.py] [INFO]: å¯åŠ¨ç›‘å¬æœåŠ¡å™¨
[2024-02-17 05:12:54,099] [main.py] [WARNING]: ç›‘å¬æœåŠ¡å™¨ç»“æŸè¿è¡Œï¼
[2024-02-17 05:12:54,101] [main.py] [WARNING]: MuRain Botè¿è¡Œç»“æŸï¼
[2024-02-17 05:12:54,104] [_internal.py] [INFO]: [31m[1mWARNING: This is a development server. Do not use it in a production deployment. Use a production WSGI server instead.[0m
 * Running on http://127.0.0.1:5000
[2024-02-17 05:12:54,105] [_internal.py] [INFO]: [33mPress CTRL+C to quit[0m
[2024-02-17 05:13:10,301] [main.py] [WARNING]: ç›‘å¬æœåŠ¡å™¨ç»“æŸè¿è¡Œï¼
[2024-02-17 05:13:10,302] [main.py] [WARNING]: MuRain Botè¿è¡Œç»“æŸï¼
[2024-02-17 05:13:13,607] [main.py] [INFO]: MuRain Botå¼€å§‹è¿è¡Œï¼Œå½“å‰ç‰ˆæœ¬ï¼š2.0.0
[2024-02-17 05:13:13,607] [main.py] [INFO]: Code with by Xiaosu & Evan. Copyright (c) 2024 GuppyTEAM. All rights reserved.
[2024-02-17 05:13:13,608] [main.py] [INFO]: æœ¬ä»£ç ç”±æ ¡æº¯ å’Œ XuFuyuç¼–å†™ã€‚ç‰ˆæƒæ‰€æœ‰ ï¼ˆcï¼‰ 2024 Guppyå›¢é˜Ÿã€‚ä¿ç•™æ‰€æœ‰æƒåˆ©ã€‚
[2024-02-17 05:13:13,608] [main.py] [INFO]: MuRainLibç‰ˆæœ¬æ ¡éªŒæˆåŠŸï¼
[2024-02-17 05:13:13,618] [main.py] [INFO]: å¯åŠ¨ç›‘å¬æœåŠ¡å™¨
[2024-02-17 05:15:03,141] [main.py] [WARNING]: ç›‘å¬æœåŠ¡å™¨ç»“æŸè¿è¡Œï¼
[2024-02-17 05:15:03,141] [main.py] [WARNING]: MuRain Botè¿è¡Œç»“æŸï¼
[2024-02-17 05:15:08,670] [test.py] [INFO]: testè¿è¡Œç»“æŸï¼
[2024-02-17 05:15:13,398] [main.py] [WARNING]: æ‚¨å½“å‰æ­£åœ¨ä½¿ç”¨éå¸¸è§„æ‰‹æ®µMuRain Botè¿™å¯èƒ½ä¼šé€ æˆä¸¥é‡çš„é”™è¯¯ï¼
æ³¨æ„ï¼šæˆ‘ä»¬å°†ä¸ä¼šå—ç†åœ¨æ­¤æ¨¡å¼ä¸‹è¿è¡Œçš„æŠ¥é”™
[2024-02-17 05:15:13,398] [main.py] [INFO]: MuRain Botå¼€å§‹è¿è¡Œï¼Œå½“å‰ç‰ˆæœ¬ï¼š2.0.0
[2024-02-17 05:15:13,399] [main.py] [INFO]: Code with by Xiaosu & Evan. Copyright (c) 2024 GuppyTEAM. All rights reserved.
[2024-02-17 05:15:13,399] [main.py] [INFO]: æœ¬ä»£ç ç”±æ ¡æº¯ å’Œ XuFuyuç¼–å†™ã€‚ç‰ˆæƒæ‰€æœ‰ ï¼ˆcï¼‰ 2024 Guppyå›¢é˜Ÿã€‚ä¿ç•™æ‰€æœ‰æƒåˆ©ã€‚
[2024-02-17 05:15:13,399] [main.py] [INFO]: MuRainLibç‰ˆæœ¬æ ¡éªŒæˆåŠŸï¼
[2024-02-17 05:15:13,416] [main.py] [INFO]: å¯åŠ¨ç›‘å¬æœåŠ¡å™¨
[2024-02-17 05:15:58,390] [main.py] [WARNING]: ç›‘å¬æœåŠ¡å™¨ç»“æŸè¿è¡Œï¼
[2024-02-17 05:15:58,391] [main.py] [WARNING]: MuRain Botè¿è¡Œç»“æŸï¼
[2024-02-17 05:15:58,392] [_internal.py] [INFO]: [31m[1mWARNING: This is a development server. Do not use it in a production deployment. Use a production WSGI server instead.[0m
 * Running on http://127.0.0.1:5000
[2024-02-17 05:15:58,392] [_internal.py] [INFO]: [33mPress CTRL+C to quit[0m
[2024-02-17 05:16:01,757] [main.py] [WARNING]: æ‚¨å½“å‰æ­£åœ¨ä½¿ç”¨éå¸¸è§„æ‰‹æ®µMuRain Botè¿™å¯èƒ½ä¼šé€ æˆä¸¥é‡çš„é”™è¯¯ï¼
æ³¨æ„ï¼šæˆ‘ä»¬å°†ä¸ä¼šå—ç†åœ¨æ­¤æ¨¡å¼ä¸‹è¿è¡Œçš„æŠ¥é”™
[2024-02-17 05:16:01,757] [main.py] [INFO]: MuRain Botå¼€å§‹è¿è¡Œï¼Œå½“å‰ç‰ˆæœ¬ï¼š2.0.0-dev
[2024-02-17 05:16:01,758] [main.py] [INFO]: Code with by Xiaosu & Evan. Copyright (c) 2024 GuppyTEAM. All rights reserved.
[2024-02-17 05:16:01,758] [main.py] [INFO]: æœ¬ä»£ç ç”±æ ¡æº¯ å’Œ XuFuyuç¼–å†™ã€‚ç‰ˆæƒæ‰€æœ‰ ï¼ˆcï¼‰ 2024 Guppyå›¢é˜Ÿã€‚ä¿ç•™æ‰€æœ‰æƒåˆ©ã€‚
[2024-02-17 05:16:01,758] [main.py] [INFO]: MuRainLibç‰ˆæœ¬æ ¡éªŒæˆåŠŸï¼
[2024-02-17 05:16:01,770] [main.py] [INFO]: å¯åŠ¨ç›‘å¬æœåŠ¡å™¨
[2024-02-17 05:16:04,311] [main.py] [WARNING]: ç›‘å¬æœåŠ¡å™¨ç»“æŸè¿è¡Œï¼
[2024-02-17 05:16:04,311] [main.py] [WARNING]: MuRain Botè¿è¡Œç»“æŸï¼
[2024-02-17 05:16:04,312] [_internal.py] [INFO]: [31m[1mWARNING: This is a development server. Do not use it in a production deployment. Use a production WSGI server instead.[0m
 * Running on http://127.0.0.1:5000
[2024-02-17 05:16:04,313] [_internal.py] [INFO]: [33mPress CTRL+C to quit[0m
[2024-02-17 05:16:10,276] [main.py] [INFO]: MuRain Botå¼€å§‹è¿è¡Œï¼Œå½“å‰ç‰ˆæœ¬ï¼š2.0.0-dev
[2024-02-17 05:16:10,276] [main.py] [INFO]: Code with by Xiaosu & Evan. Copyright (c) 2024 GuppyTEAM. All rights reserved.
[2024-02-17 05:16:10,277] [main.py] [INFO]: æœ¬ä»£ç ç”±æ ¡æº¯ å’Œ XuFuyuç¼–å†™ã€‚ç‰ˆæƒæ‰€æœ‰ ï¼ˆcï¼‰ 2024 Guppyå›¢é˜Ÿã€‚ä¿ç•™æ‰€æœ‰æƒåˆ©ã€‚
[2024-02-17 05:16:10,277] [main.py] [INFO]: MuRainLibç‰ˆæœ¬æ ¡éªŒæˆåŠŸï¼
[2024-02-17 05:16:10,291] [main.py] [INFO]: å¯åŠ¨ç›‘å¬æœåŠ¡å™¨
[2024-02-17 05:22:43,396] [main.py] [WARNING]: ç›‘å¬æœåŠ¡å™¨ç»“æŸè¿è¡Œï¼
[2024-02-17 05:22:43,397] [main.py] [WARNING]: MuRain Botè¿è¡Œç»“æŸï¼
[2024-02-17 05:26:04,991] [main.py] [INFO]: MuRain Botå¼€å§‹è¿è¡Œï¼Œå½“å‰ç‰ˆæœ¬ï¼š2.0.0-dev
[2024-02-17 05:26:04,991] [main.py] [INFO]: Code with by Xiaosu & Evan. Copyright (c) 2024 GuppyTEAM. All rights reserved.
[2024-02-17 05:26:04,991] [main.py] [INFO]: æœ¬ä»£ç ç”±æ ¡æº¯ å’Œ XuFuyuç¼–å†™ã€‚ç‰ˆæƒæ‰€æœ‰ ï¼ˆcï¼‰ 2024 Guppyå›¢é˜Ÿã€‚ä¿ç•™æ‰€æœ‰æƒåˆ©ã€‚
[2024-02-17 05:26:04,992] [main.py] [INFO]: MuRainLibç‰ˆæœ¬æ ¡éªŒæˆåŠŸï¼
[2024-02-17 05:26:05,003] [main.py] [INFO]: å¯åŠ¨ç›‘å¬æœåŠ¡å™¨
[2024-02-17 05:26:28,810] [main.py] [WARNING]: ç›‘å¬æœåŠ¡å™¨ç»“æŸè¿è¡Œï¼
[2024-02-17 05:26:28,810] [main.py] [WARNING]: MuRain Botè¿è¡Œç»“æŸï¼
[2024-02-17 05:26:36,166] [main.py] [INFO]: MuRain Botå¼€å§‹è¿è¡Œï¼Œå½“å‰ç‰ˆæœ¬ï¼š2.0.0-dev
[2024-02-17 05:26:36,167] [main.py] [INFO]: Code with by Xiaosu & Evan. Copyright (c) 2024 GuppyTEAM. All rights reserved.
[2024-02-17 05:26:36,167] [main.py] [INFO]: æœ¬ä»£ç ç”±æ ¡æº¯ å’Œ XuFuyuç¼–å†™ã€‚ç‰ˆæƒæ‰€æœ‰ ï¼ˆcï¼‰ 2024 Guppyå›¢é˜Ÿã€‚ä¿ç•™æ‰€æœ‰æƒåˆ©ã€‚
[2024-02-17 05:26:36,168] [main.py] [INFO]: MuRainLibç‰ˆæœ¬æ ¡éªŒæˆåŠŸï¼
[2024-02-17 05:26:36,190] [main.py] [INFO]: å¯åŠ¨ç›‘å¬æœåŠ¡å™¨
[2024-02-17 05:26:46,252] [main.py] [WARNING]: ç›‘å¬æœåŠ¡å™¨ç»“æŸè¿è¡Œï¼
[2024-02-17 05:26:46,252] [main.py] [WARNING]: MuRain Botè¿è¡Œç»“æŸï¼
[2024-02-17 05:32:50,798] [test.py] [INFO]: testè¿è¡Œç»“æŸï¼
[2024-02-17 05:53:02,311] [main.py] [WARNING]: æ‚¨å½“å‰æ­£åœ¨ä½¿ç”¨éå¸¸è§„æ‰‹æ®µMuRain Botè¿™å¯èƒ½ä¼šé€ æˆä¸¥é‡çš„é”™è¯¯ï¼
æ³¨æ„ï¼šæˆ‘ä»¬å°†ä¸ä¼šå—ç†åœ¨æ­¤æ¨¡å¼ä¸‹è¿è¡Œçš„æŠ¥é”™
[2024-02-17 05:53:02,311] [main.py] [INFO]: MuRain Botå¼€å§‹è¿è¡Œï¼Œå½“å‰ç‰ˆæœ¬ï¼š2.0.0-dev
[2024-02-17 05:53:02,312] [main.py] [INFO]: Code with by Xiaosu & Evan. Copyright (c) 2024 GuppyTEAM. All rights reserved.
[2024-02-17 05:53:02,312] [main.py] [INFO]: æœ¬ä»£ç ç”±æ ¡æº¯ å’Œ XuFuyuç¼–å†™ã€‚ç‰ˆæƒæ‰€æœ‰ ï¼ˆcï¼‰ 2024 Guppyå›¢é˜Ÿã€‚ä¿ç•™æ‰€æœ‰æƒåˆ©ã€‚
[2024-02-17 05:53:02,313] [main.py] [INFO]: MuRainLibç‰ˆæœ¬æ ¡éªŒæˆåŠŸï¼
[2024-02-17 05:53:02,316] [main.py] [INFO]: é…ç½®æ–‡ä»¶å¯¼å…¥æˆåŠŸï¼
[2024-02-17 05:53:02,318] [main.py] [INFO]: è¯»å–åˆ°ç›‘å¬ipï¼Œå°†ä»¥æ­¤ipå¯åŠ¨ç›‘å¬æœåŠ¡å™¨:127.0.0.1:5701
[2024-02-17 05:53:02,331] [main.py] [INFO]: å¯åŠ¨ç›‘å¬æœåŠ¡å™¨
[2024-02-17 05:53:12,971] [main.py] [WARNING]: ç›‘å¬æœåŠ¡å™¨ç»“æŸè¿è¡Œï¼
[2024-02-17 05:53:12,972] [main.py] [WARNING]: MuRain Botè¿è¡Œç»“æŸï¼
[2024-02-17 05:53:12,973] [_internal.py] [INFO]: [31m[1mWARNING: This is a development server. Do not use it in a production deployment. Use a production WSGI server instead.[0m
 * Running on http://127.0.0.1:5000
[2024-02-17 05:53:12,974] [_internal.py] [INFO]: [33mPress CTRL+C to quit[0m
[2024-02-17 05:53:15,990] [main.py] [INFO]: MuRain Botå¼€å§‹è¿è¡Œï¼Œå½“å‰ç‰ˆæœ¬ï¼š2.0.0-dev
[2024-02-17 05:53:15,991] [main.py] [INFO]: Code with by Xiaosu & Evan. Copyright (c) 2024 GuppyTEAM. All rights reserved.
[2024-02-17 05:53:15,991] [main.py] [INFO]: æœ¬ä»£ç ç”±æ ¡æº¯ å’Œ XuFuyuç¼–å†™ã€‚ç‰ˆæƒæ‰€æœ‰ ï¼ˆcï¼‰ 2024 Guppyå›¢é˜Ÿã€‚ä¿ç•™æ‰€æœ‰æƒåˆ©ã€‚
[2024-02-17 05:53:15,991] [main.py] [INFO]: MuRainLibç‰ˆæœ¬æ ¡éªŒæˆåŠŸï¼
[2024-02-17 05:53:15,993] [main.py] [INFO]: é…ç½®æ–‡ä»¶å¯¼å…¥æˆåŠŸï¼
[2024-02-17 05:53:15,993] [main.py] [INFO]: è¯»å–åˆ°ç›‘å¬ipï¼Œå°†ä»¥æ­¤ipå¯åŠ¨ç›‘å¬æœåŠ¡å™¨:127.0.0.1:5701
[2024-02-17 05:53:16,003] [main.py] [INFO]: å¯åŠ¨ç›‘å¬æœåŠ¡å™¨
[2024-02-17 05:56:49,680] [main.py] [WARNING]: ç›‘å¬æœåŠ¡å™¨ç»“æŸè¿è¡Œï¼
[2024-02-17 05:56:49,681] [main.py] [WARNING]: MuRain Botè¿è¡Œç»“æŸï¼
[2024-02-17 05:58:47,439] [main.py] [WARNING]: æ‚¨å½“å‰æ­£åœ¨ä½¿ç”¨éå¸¸è§„æ‰‹æ®µMuRain Botè¿™å¯èƒ½ä¼šé€ æˆä¸¥é‡çš„é”™è¯¯ï¼
æ³¨æ„ï¼šæˆ‘ä»¬å°†ä¸ä¼šå—ç†åœ¨æ­¤æ¨¡å¼ä¸‹è¿è¡Œçš„æŠ¥é”™
[2024-02-17 05:58:47,439] [main.py] [INFO]: MuRain Botå¼€å§‹è¿è¡Œï¼Œå½“å‰ç‰ˆæœ¬ï¼š2.0.0-dev
[2024-02-17 05:58:47,440] [main.py] [INFO]: Code with by Xiaosu & Evan. Copyright (c) 2024 GuppyTEAM. All rights reserved.
[2024-02-17 05:58:47,440] [main.py] [INFO]: æœ¬ä»£ç ç”±æ ¡æº¯ å’Œ XuFuyuç¼–å†™ã€‚ç‰ˆæƒæ‰€æœ‰ ï¼ˆcï¼‰ 2024 Guppyå›¢é˜Ÿã€‚ä¿ç•™æ‰€æœ‰æƒåˆ©ã€‚
[2024-02-17 05:58:47,441] [main.py] [INFO]: MuRainLibç‰ˆæœ¬æ ¡éªŒæˆåŠŸï¼
[2024-02-17 05:58:47,443] [main.py] [INFO]: é…ç½®æ–‡ä»¶å¯¼å…¥æˆåŠŸï¼
[2024-02-17 05:58:47,443] [main.py] [INFO]: è¯»å–åˆ°ç›‘å¬ipï¼Œå°†ä»¥æ­¤ipå¯åŠ¨ç›‘å¬æœåŠ¡å™¨:127.0.0.1:5701
[2024-02-17 05:58:47,455] [main.py] [INFO]: å¯åŠ¨ç›‘å¬æœåŠ¡å™¨
[2024-02-17 05:59:36,052] [main.py] [WARNING]: ç›‘å¬æœåŠ¡å™¨ç»“æŸè¿è¡Œï¼
[2024-02-17 05:59:36,052] [main.py] [WARNING]: MuRain Botè¿è¡Œç»“æŸï¼
[2024-02-17 05:59:36,066] [_internal.py] [INFO]: [31m[1mWARNING: This is a development server. Do not use it in a production deployment. Use a production WSGI server instead.[0m
 * Running on http://127.0.0.1:5000
[2024-02-17 05:59:36,067] [_internal.py] [INFO]: [33mPress CTRL+C to quit[0m
[2024-02-17 05:59:57,728] [main.py] [INFO]: MuRain Botå¼€å§‹è¿è¡Œï¼Œå½“å‰ç‰ˆæœ¬ï¼š2.0.0-dev
[2024-02-17 05:59:57,729] [main.py] [INFO]: Code with by Xiaosu & Evan. Copyright (c) 2024 GuppyTEAM. All rights reserved.
[2024-02-17 05:59:57,729] [main.py] [INFO]: æœ¬ä»£ç ç”±æ ¡æº¯ å’Œ XuFuyuç¼–å†™ã€‚ç‰ˆæƒæ‰€æœ‰ ï¼ˆcï¼‰ 2024 Guppyå›¢é˜Ÿã€‚ä¿ç•™æ‰€æœ‰æƒåˆ©ã€‚
[2024-02-17 05:59:57,729] [main.py] [INFO]: MuRainLibç‰ˆæœ¬æ ¡éªŒæˆåŠŸï¼
[2024-02-17 05:59:57,731] [main.py] [INFO]: é…ç½®æ–‡ä»¶å¯¼å…¥æˆåŠŸï¼
[2024-02-17 05:59:57,731] [main.py] [INFO]: è¯»å–åˆ°ç›‘å¬ipï¼Œå°†ä»¥æ­¤ipå¯åŠ¨ç›‘å¬æœåŠ¡å™¨:127.0.0.1:5701
[2024-02-17 05:59:57,750] [main.py] [INFO]: å¯åŠ¨ç›‘å¬æœåŠ¡å™¨
[2024-02-17 06:02:53,864] [main.py] [WARNING]: ç›‘å¬æœåŠ¡å™¨ç»“æŸè¿è¡Œï¼
[2024-02-17 06:02:53,865] [main.py] [WARNING]: MuRain Botè¿è¡Œç»“æŸï¼
[2024-02-17 06:02:56,164] [main.py] [INFO]: MuRain Botå¼€å§‹è¿è¡Œï¼Œå½“å‰ç‰ˆæœ¬ï¼š2.0.0-de
[2024-02-17 06:02:56,164] [main.py] [INFO]: Code with by Xiaosu & Evan. Copyright (c) 2024 GuppyTEAM. All rights reserved.
[2024-02-17 06:02:56,164] [main.py] [INFO]: æœ¬ä»£ç ç”±æ ¡æº¯ å’Œ XuFuyuç¼–å†™ã€‚ç‰ˆæƒæ‰€æœ‰ ï¼ˆcï¼‰ 2024 Guppyå›¢é˜Ÿã€‚ä¿ç•™æ‰€æœ‰æƒåˆ©ã€‚
[2024-02-17 06:02:56,165] [main.py] [WARNING]: MuRainLibç‰ˆæœ¬æ£€æµ‹æœªé€šè¿‡ï¼Œå¯èƒ½ä¼šå‘ç”Ÿå¼‚å¸¸ï¼Œè¯·ç¡®è®¤æ˜¯å¦ç»§ç»­ï¼Ÿ
MuRainLibç‰ˆæœ¬:2.0.0-dev MuRain Botç‰ˆæœ¬:2.0.0-deæ³¨æ„ï¼šæˆ‘ä»¬å°†ä¸ä¼šå—ç†åœ¨æ­¤æ¨¡å¼ä¸‹è¿è¡Œçš„æŠ¥é”™
[2024-02-17 06:03:20,657] [main.py] [INFO]: MuRain Botå¼€å§‹è¿è¡Œï¼Œå½“å‰ç‰ˆæœ¬ï¼š2.0.0-de
[2024-02-17 06:03:20,658] [main.py] [INFO]: Code with by Xiaosu & Evan. Copyright (c) 2024 GuppyTEAM. All rights reserved.
[2024-02-17 06:03:20,658] [main.py] [INFO]: æœ¬ä»£ç ç”±æ ¡æº¯ å’Œ XuFuyuç¼–å†™ã€‚ç‰ˆæƒæ‰€æœ‰ ï¼ˆcï¼‰ 2024 Guppyå›¢é˜Ÿã€‚ä¿ç•™æ‰€æœ‰æƒåˆ©ã€‚
[2024-02-17 06:03:20,658] [main.py] [WARNING]: MuRainLibç‰ˆæœ¬æ£€æµ‹æœªé€šè¿‡ï¼Œå¯èƒ½ä¼šå‘ç”Ÿå¼‚å¸¸ï¼Œè¯·ç¡®è®¤æ˜¯å¦ç»§ç»­ï¼Ÿ
MuRainLibç‰ˆæœ¬:2.0.0-dev MuRain Botç‰ˆæœ¬:2.0.0-de
æ³¨æ„ï¼šæˆ‘ä»¬å°†ä¸ä¼šå—ç†åœ¨æ­¤æ¨¡å¼ä¸‹è¿è¡Œçš„æŠ¥é”™
[2024-02-17 14:12:35,619] [main.py] [INFO]: MuRain Botå¼€å§‹è¿è¡Œï¼Œå½“å‰ç‰ˆæœ¬ï¼š2.0.0-de
[2024-02-17 14:12:35,620] [main.py] [INFO]: Code with by Xiaosu & Evan. Copyright (c) 2024 GuppyTEAM. All rights reserved.
[2024-02-17 14:12:35,620] [main.py] [INFO]: æœ¬ä»£ç ç”±æ ¡æº¯ å’Œ XuFuyuç¼–å†™ã€‚ç‰ˆæƒæ‰€æœ‰ ï¼ˆcï¼‰ 2024 Guppyå›¢é˜Ÿã€‚ä¿ç•™æ‰€æœ‰æƒåˆ©ã€‚
[2024-02-17 14:12:35,621] [main.py] [WARNING]: MuRainLibç‰ˆæœ¬æ£€æµ‹æœªé€šè¿‡ï¼Œå¯èƒ½ä¼šå‘ç”Ÿå¼‚å¸¸ï¼Œè¯·ç¡®è®¤æ˜¯å¦ç»§ç»­ï¼Ÿ
MuRainLibç‰ˆæœ¬:2.0.0-dev MuRain Botç‰ˆæœ¬:2.0.0-de
æ³¨æ„ï¼šæˆ‘ä»¬å°†ä¸ä¼šå—ç†åœ¨æ­¤æ¨¡å¼ä¸‹è¿è¡Œçš„æŠ¥é”™
[2024-02-17 14:12:42,884] [main.py] [WARNING]: MuRainLibç‰ˆæœ¬æ£€æµ‹æœªé€šè¿‡ï¼Œå¯èƒ½ä¼šå‘ç”Ÿå¼‚å¸¸ï¼Œå°†ç»§ç»­è¿è¡Œï¼
[2024-02-17 14:12:42,887] [main.py] [INFO]: é…ç½®æ–‡ä»¶å¯¼å…¥æˆåŠŸï¼
[2024-02-17 14:12:42,887] [main.py] [INFO]: è¯»å–åˆ°ç›‘å¬ipï¼Œå°†ä»¥æ­¤ipå¯åŠ¨ç›‘å¬æœåŠ¡å™¨:127.0.0.1:5701
[2024-02-17 14:12:42,934] [main.py] [INFO]: å¯åŠ¨ç›‘å¬æœåŠ¡å™¨
[2024-02-17 14:13:11,892] [main.py] [WARNING]: ç›‘å¬æœåŠ¡å™¨ç»“æŸè¿è¡Œï¼
[2024-02-17 14:13:11,892] [main.py] [WARNING]: MuRain Botè¿è¡Œç»“æŸï¼
[2024-02-17 14:23:01,452] [main.py] [INFO]: MuRain Botå¼€å§‹è¿è¡Œï¼Œå½“å‰ç‰ˆæœ¬ï¼š2.0.0-dev
[2024-02-17 14:23:01,453] [main.py] [INFO]: Code with by Xiaosu & Evan. Copyright (c) 2024 GuppyTEAM. All rights reserved.
[2024-02-17 14:23:01,453] [main.py] [INFO]: æœ¬ä»£ç ç”±æ ¡æº¯ å’Œ XuFuyuç¼–å†™ã€‚ç‰ˆæƒæ‰€æœ‰ ï¼ˆcï¼‰ 2024 Guppyå›¢é˜Ÿã€‚ä¿ç•™æ‰€æœ‰æƒåˆ©ã€‚
[2024-02-17 14:23:01,453] [main.py] [INFO]: MuRainLibç‰ˆæœ¬æ ¡éªŒæˆåŠŸï¼
[2024-02-17 14:23:01,455] [main.py] [INFO]: é…ç½®æ–‡ä»¶å¯¼å…¥æˆåŠŸï¼
[2024-02-17 14:23:01,455] [main.py] [INFO]: è¯»å–åˆ°ç›‘å¬ipï¼Œå°†ä»¥æ­¤ipå¯åŠ¨ç›‘å¬æœåŠ¡å™¨:127.0.0.1:5701
[2024-02-17 14:23:01,466] [main.py] [INFO]: å¯åŠ¨ç›‘å¬æœåŠ¡å™¨
[2024-02-17 14:23:06,032] [main.py] [WARNING]: ç›‘å¬æœåŠ¡å™¨ç»“æŸè¿è¡Œï¼
[2024-02-17 14:23:06,032] [main.py] [WARNING]: MuRain Botè¿è¡Œç»“æŸï¼
[2024-02-17 15:01:04,646] [main.py] [INFO]: MuRain Botå¼€å§‹è¿è¡Œï¼Œå½“å‰ç‰ˆæœ¬ï¼š2.0.0-dev
[2024-02-17 15:01:04,647] [main.py] [INFO]: Code with by Xiaosu & Evan. Copyright (c) 2024 GuppyTEAM. All rights reserved.
[2024-02-17 15:01:04,648] [main.py] [INFO]: æœ¬ä»£ç ç”±æ ¡æº¯ å’Œ XuFuyuç¼–å†™ã€‚ç‰ˆæƒæ‰€æœ‰ ï¼ˆcï¼‰ 2024 Guppyå›¢é˜Ÿã€‚ä¿ç•™æ‰€æœ‰æƒåˆ©ã€‚
[2024-02-17 15:01:04,648] [main.py] [INFO]: MuRainLibç‰ˆæœ¬æ ¡éªŒæˆåŠŸï¼
[2024-02-17 15:01:04,651] [main.py] [INFO]: é…ç½®æ–‡ä»¶å¯¼å…¥æˆåŠŸï¼
[2024-02-17 15:01:04,651] [main.py] [INFO]: è¯»å–åˆ°ç›‘å¬ipï¼Œå°†ä»¥æ­¤ipå¯åŠ¨ç›‘å¬æœåŠ¡å™¨:127.0.0.1:5701
[2024-02-17 15:01:04,667] [main.py] [INFO]: å¯åŠ¨ç›‘å¬æœåŠ¡å™¨
[2024-02-17 15:01:11,285] [main.py] [WARNING]: ç›‘å¬æœåŠ¡å™¨ç»“æŸè¿è¡Œï¼
[2024-02-17 15:01:11,286] [main.py] [WARNING]: MuRain Botè¿è¡Œç»“æŸï¼
